<?xml version="1.0" encoding="UTF-8"?>
<!-- Generated by org.testng.reporters.JUnitReportReporter -->
<testsuite hostname="JYOTHI" failures="0" tests="1" name="testCases._09_Repost_thread_reply" time="51.391" errors="0" timestamp="2023-08-31T05:50:55 IST" skipped="0">
  <testcase classname="testCases._09_Repost_thread_reply" name="test" time="51.391"/>
  <system-out/>
</testsuite> <!-- testCases._09_Repost_thread_reply -->
