<?xml version="1.0" encoding="UTF-8"?>
<!-- Generated by org.testng.reporters.JUnitReportReporter -->
<testsuite hostname="JYOTHI" failures="0" tests="1" name="testCases._02_Post_thread_501_characters" time="22.579" errors="0" timestamp="2023-08-31T05:50:55 IST" skipped="0">
  <testcase classname="testCases._02_Post_thread_501_characters" name="test" time="22.579"/>
  <system-out/>
</testsuite> <!-- testCases._02_Post_thread_501_characters -->
