<?xml version="1.0" encoding="UTF-8"?>
<!-- Generated by org.testng.reporters.JUnitReportReporter -->
<testsuite hostname="JYOTHI" failures="0" tests="1" name="testCases._07_Like_thread_reply" time="47.422" errors="0" timestamp="2023-08-31T05:50:55 IST" skipped="0">
  <testcase classname="testCases._07_Like_thread_reply" name="test" time="47.422"/>
  <system-out/>
</testsuite> <!-- testCases._07_Like_thread_reply -->
