<?xml version="1.0" encoding="UTF-8"?>
<!-- Generated by org.testng.reporters.JUnitReportReporter -->
<testsuite hostname="JYOTHI" failures="0" tests="1" name="testCases._06_Post_thread_reply_option_Profiles_you_mention" time="48.971" errors="0" timestamp="2023-08-31T05:50:55 IST" skipped="0">
  <testcase classname="testCases._06_Post_thread_reply_option_Profiles_you_mention" name="test" time="48.971"/>
  <system-out/>
</testsuite> <!-- testCases._06_Post_thread_reply_option_Profiles_you_mention -->
