<?xml version="1.0" encoding="UTF-8"?>
<!-- Generated by org.testng.reporters.JUnitReportReporter -->
<testsuite hostname="JYOTHI" failures="0" tests="1" name="testCases._05_Post_thread_reply_option_Profiles_you_follow" time="63.149" errors="0" timestamp="2023-08-31T05:50:55 IST" skipped="0">
  <testcase classname="testCases._05_Post_thread_reply_option_Profiles_you_follow" name="test" time="63.149"/>
  <system-out/>
</testsuite> <!-- testCases._05_Post_thread_reply_option_Profiles_you_follow -->
