<?xml version="1.0" encoding="UTF-8"?>
<!-- Generated by org.testng.reporters.JUnitReportReporter -->
<testsuite hostname="JYOTHI" failures="0" tests="1" name="testCases._04_Post_thread_reply_option_Anyone" time="58.403" errors="0" timestamp="2023-08-31T05:50:55 IST" skipped="0">
  <testcase classname="testCases._04_Post_thread_reply_option_Anyone" name="test" time="58.403"/>
  <system-out/>
</testsuite> <!-- testCases._04_Post_thread_reply_option_Anyone -->
